<?xml version="1.0" encoding="UTF-8"?>
<testng-results skipped="0" failed="0" total="1" passed="1">
  <reporter-output>
  </reporter-output>
  <suite name="Suite" duration-ms="29997" started-at="2014-05-29T02:19:35Z" finished-at="2014-05-29T02:20:05Z">
    <groups>
    </groups>
    <test name="order in IE" duration-ms="29997" started-at="2014-05-29T02:19:35Z" finished-at="2014-05-29T02:20:05Z">
      <class name="test.testng.patnerproc.order.OrderTestCase">
        <test-method status="PASS" signature="launchBrowser(java.lang.String, java.lang.String, java.lang.String)[pri:0, instance:test.testng.patnerproc.order.OrderTestCase@1da2b6d]" name="launchBrowser" is-config="true" duration-ms="7" started-at="2014-05-29T11:19:35Z" finished-at="2014-05-29T11:19:35Z">
          <params>
            <param index="0">
              <value>
                <![CDATA[IE]]>
              </value>
            </param>
            <param index="1">
              <value>
                <![CDATA[http://www.guesskorea.com]]>
              </value>
            </param>
            <param index="2">
              <value>
                <![CDATA[http://order.guesskorea.com]]>
              </value>
            </param>
          </params>
          <reporter-output>
          </reporter-output>
        </test-method> <!-- launchBrowser -->
        <test-method status="PASS" signature="OrderTest()[pri:0, instance:test.testng.patnerproc.order.OrderTestCase@1da2b6d]" name="OrderTest" duration-ms="29966" started-at="2014-05-29T11:19:35Z" finished-at="2014-05-29T11:20:05Z">
          <reporter-output>
          </reporter-output>
        </test-method> <!-- OrderTest -->
      </class> <!-- test.testng.patnerproc.order.OrderTestCase -->
    </test> <!-- order in IE -->
  </suite> <!-- Suite -->
</testng-results>
